<?xml version="1.0" encoding="UTF-8"?>
<!-- Generated by org.testng.reporters.JUnitReportReporter -->
<testsuite hostname="DESKTOP-PTDKR5H" failures="0" tests="1" name="day15.Prog2" time="0.014" errors="0" timestamp="2025-06-30T08:37:19 IST" skipped="0">
  <testcase classname="day15.Prog2" name="testA" time="0.014"/>
</testsuite> <!-- day15.Prog2 -->
