<?xml version="1.0" encoding="UTF-8"?>
<!-- Generated by org.testng.reporters.JUnitReportReporter -->
<testsuite hostname="DESKTOP-PTDKR5H" failures="0" tests="4" name="day15.Prog1" time="0.015" errors="0" timestamp="2025-06-30T08:28:27 IST" skipped="0">
  <testcase classname="day15.Prog1" name="testB" time="0.011">
    <system-out>
      <![CDATA[test B]]>
    </system-out>
  </testcase> <!-- testB -->
  <testcase classname="day15.Prog1" name="testA" time="0.002">
    <system-out>
      <![CDATA[test A]]>
    </system-out>
  </testcase> <!-- testA -->
  <testcase classname="day15.Prog1" name="testC" time="0.001">
    <system-out>
      <![CDATA[test C]]>
    </system-out>
  </testcase> <!-- testC -->
  <testcase classname="day15.Prog1" name="testC" time="0.001">
    <system-out>
      <![CDATA[test C]]>
    </system-out>
  </testcase> <!-- testC -->
  <system-out>
    <![CDATA[test B
test A
test C
test C]]>
  </system-out>
</testsuite> <!-- day15.Prog1 -->
